<?xml version="1.0" encoding="utf-8"?>
<!DOCTYPE coverage SYSTEM "http://cobertura.sourceforge.net/xml/coverage-04.dtd">
<coverage line-rate="0.642857142857143" branch-rate="1" lines-covered="81" lines-valid="126" branches-covered="0" branches-valid="0" complexity="12" version="0" timestamp="1717534449">
  <sources />
  <packages>
    <package name="TestCourseWork" line-rate="0.642857142857143" branch-rate="1" complexity="12">
      <classes>
        <class name="" filename="F:\Git\GitProjectAll\GitCoursework\CourseWork\CourseWork\main.cpp" line-rate="0.25" branch-rate="1" complexity="3">
          <methods>
            <method name="main" signature="" line-rate="0" branch-rate="1" complexity="1">
              <lines>
                <line number="34" hits="0" branch="false" />
                <line number="35" hits="0" branch="false" />
                <line number="36" hits="0" branch="false" />
                <line number="38" hits="0" branch="false" />
                <line number="41" hits="0" branch="false" />
                <line number="42" hits="0" branch="false" />
                <line number="43" hits="0" branch="false" />
                <line number="45" hits="0" branch="false" />
                <line number="47" hits="0" branch="false" />
                <line number="49" hits="0" branch="false" />
                <line number="50" hits="0" branch="false" />
                <line number="51" hits="0" branch="false" />
                <line number="52" hits="0" branch="false" />
                <line number="54" hits="0" branch="false" />
                <line number="57" hits="0" branch="false" />
                <line number="58" hits="0" branch="false" />
                <line number="59" hits="0" branch="false" />
                <line number="60" hits="0" branch="false" />
                <line number="62" hits="0" branch="false" />
                <line number="65" hits="0" branch="false" />
                <line number="66" hits="0" branch="false" />
                <line number="67" hits="0" branch="false" />
                <line number="68" hits="0" branch="false" />
                <line number="70" hits="0" branch="false" />
                <line number="73" hits="0" branch="false" />
                <line number="74" hits="0" branch="false" />
                <line number="75" hits="0" branch="false" />
                <line number="76" hits="0" branch="false" />
                <line number="78" hits="0" branch="false" />
                <line number="80" hits="0" branch="false" />
                <line number="81" hits="0" branch="false" />
                <line number="82" hits="0" branch="false" />
                <line number="83" hits="0" branch="false" />
                <line number="84" hits="0" branch="false" />
                <line number="85" hits="0" branch="false" />
                <line number="86" hits="0" branch="false" />
                <line number="87" hits="0" branch="false" />
                <line number="88" hits="0" branch="false" />
                <line number="89" hits="0" branch="false" />
                <line number="91" hits="0" branch="false" />
                <line number="93" hits="0" branch="false" />
                <line number="94" hits="0" branch="false" />
                <line number="95" hits="0" branch="false" />
                <line number="97" hits="0" branch="false" />
                <line number="98" hits="0" branch="false" />
              </lines>
            </method>
            <method name="writeToFile" signature="" line-rate="1" branch-rate="1" complexity="1">
              <lines>
                <line number="16" hits="1" branch="false" />
                <line number="17" hits="1" branch="false" />
                <line number="18" hits="1" branch="false" />
                <line number="19" hits="1" branch="false" />
                <line number="20" hits="1" branch="false" />
                <line number="21" hits="1" branch="false" />
              </lines>
            </method>
            <method name="readFromFile" signature="" line-rate="1" branch-rate="1" complexity="1">
              <lines>
                <line number="23" hits="1" branch="false" />
                <line number="24" hits="1" branch="false" />
                <line number="25" hits="1" branch="false" />
                <line number="26" hits="1" branch="false" />
                <line number="28" hits="1" branch="false" />
                <line number="29" hits="1" branch="false" />
                <line number="30" hits="1" branch="false" />
                <line number="31" hits="1" branch="false" />
                <line number="32" hits="1" branch="false" />
              </lines>
            </method>
          </methods>
          <lines>
            <line number="16" hits="1" branch="false" />
            <line number="17" hits="1" branch="false" />
            <line number="18" hits="1" branch="false" />
            <line number="19" hits="1" branch="false" />
            <line number="20" hits="1" branch="false" />
            <line number="21" hits="1" branch="false" />
            <line number="23" hits="1" branch="false" />
            <line number="24" hits="1" branch="false" />
            <line number="25" hits="1" branch="false" />
            <line number="26" hits="1" branch="false" />
            <line number="28" hits="1" branch="false" />
            <line number="29" hits="1" branch="false" />
            <line number="30" hits="1" branch="false" />
            <line number="31" hits="1" branch="false" />
            <line number="32" hits="1" branch="false" />
            <line number="34" hits="0" branch="false" />
            <line number="35" hits="0" branch="false" />
            <line number="36" hits="0" branch="false" />
            <line number="38" hits="0" branch="false" />
            <line number="41" hits="0" branch="false" />
            <line number="42" hits="0" branch="false" />
            <line number="43" hits="0" branch="false" />
            <line number="45" hits="0" branch="false" />
            <line number="47" hits="0" branch="false" />
            <line number="49" hits="0" branch="false" />
            <line number="50" hits="0" branch="false" />
            <line number="51" hits="0" branch="false" />
            <line number="52" hits="0" branch="false" />
            <line number="54" hits="0" branch="false" />
            <line number="57" hits="0" branch="false" />
            <line number="58" hits="0" branch="false" />
            <line number="59" hits="0" branch="false" />
            <line number="60" hits="0" branch="false" />
            <line number="62" hits="0" branch="false" />
            <line number="65" hits="0" branch="false" />
            <line number="66" hits="0" branch="false" />
            <line number="67" hits="0" branch="false" />
            <line number="68" hits="0" branch="false" />
            <line number="70" hits="0" branch="false" />
            <line number="73" hits="0" branch="false" />
            <line number="74" hits="0" branch="false" />
            <line number="75" hits="0" branch="false" />
            <line number="76" hits="0" branch="false" />
            <line number="78" hits="0" branch="false" />
            <line number="80" hits="0" branch="false" />
            <line number="81" hits="0" branch="false" />
            <line number="82" hits="0" branch="false" />
            <line number="83" hits="0" branch="false" />
            <line number="84" hits="0" branch="false" />
            <line number="85" hits="0" branch="false" />
            <line number="86" hits="0" branch="false" />
            <line number="87" hits="0" branch="false" />
            <line number="88" hits="0" branch="false" />
            <line number="89" hits="0" branch="false" />
            <line number="91" hits="0" branch="false" />
            <line number="93" hits="0" branch="false" />
            <line number="94" hits="0" branch="false" />
            <line number="95" hits="0" branch="false" />
            <line number="97" hits="0" branch="false" />
            <line number="98" hits="0" branch="false" />
          </lines>
        </class>
        <class name="Person" filename="F:\Git\GitProjectAll\GitCoursework\CourseWork\CourseWork\main.cpp" line-rate="1" branch-rate="1" complexity="1">
          <methods>
            <method name="Person" signature="" line-rate="1" branch-rate="1" complexity="1">
              <lines>
                <line number="13" hits="1" branch="false" />
              </lines>
            </method>
          </methods>
          <lines>
            <line number="13" hits="1" branch="false" />
          </lines>
        </class>
        <class name="TestCourseWork.TestCourseWork" filename="F:\Git\GitProjectAll\GitCoursework\Coursework\TestCourseWork\TestCourseWork.cpp" line-rate="1" branch-rate="1" complexity="8">
          <methods>
            <method name="GetResultMenuOptions" signature="" line-rate="1" branch-rate="1" complexity="1">
              <lines>
                <line number="49" hits="1" branch="false" />
                <line number="50" hits="1" branch="false" />
                <line number="51" hits="1" branch="false" />
                <line number="52" hits="1" branch="false" />
                <line number="53" hits="1" branch="false" />
                <line number="54" hits="1" branch="false" />
                <line number="55" hits="1" branch="false" />
                <line number="56" hits="1" branch="false" />
                <line number="57" hits="1" branch="false" />
                <line number="58" hits="1" branch="false" />
                <line number="59" hits="1" branch="false" />
              </lines>
            </method>
            <method name="GetValueAgeTrueTrueFalse" signature="" line-rate="1" branch-rate="1" complexity="1">
              <lines>
                <line number="77" hits="1" branch="false" />
                <line number="78" hits="1" branch="false" />
                <line number="79" hits="1" branch="false" />
                <line number="80" hits="1" branch="false" />
                <line number="81" hits="1" branch="false" />
                <line number="82" hits="1" branch="false" />
                <line number="83" hits="1" branch="false" />
                <line number="84" hits="1" branch="false" />
              </lines>
            </method>
            <method name="GetNameValueFalseTrue" signature="" line-rate="1" branch-rate="1" complexity="1">
              <lines>
                <line number="62" hits="1" branch="false" />
                <line number="63" hits="1" branch="false" />
                <line number="64" hits="1" branch="false" />
                <line number="65" hits="1" branch="false" />
                <line number="66" hits="1" branch="false" />
                <line number="67" hits="1" branch="false" />
              </lines>
            </method>
            <method name="ReadJohnDoe30normal" signature="" line-rate="1" branch-rate="1" complexity="1">
              <lines>
                <line number="40" hits="1" branch="false" />
                <line number="41" hits="1" branch="false" />
                <line number="42" hits="1" branch="false" />
                <line number="43" hits="1" branch="false" />
                <line number="44" hits="1" branch="false" />
                <line number="45" hits="1" branch="false" />
                <line number="46" hits="1" branch="false" />
                <line number="47" hits="1" branch="false" />
              </lines>
            </method>
            <method name="GetJohnDoe30normal" signature="" line-rate="1" branch-rate="1" complexity="1">
              <lines>
                <line number="16" hits="1" branch="false" />
                <line number="17" hits="1" branch="false" />
                <line number="18" hits="1" branch="false" />
                <line number="19" hits="1" branch="false" />
                <line number="20" hits="1" branch="false" />
                <line number="21" hits="1" branch="false" />
                <line number="22" hits="1" branch="false" />
              </lines>
            </method>
            <method name="WriteJohnDoe30normal" signature="" line-rate="1" branch-rate="1" complexity="1">
              <lines>
                <line number="24" hits="1" branch="false" />
                <line number="25" hits="1" branch="false" />
                <line number="26" hits="1" branch="false" />
                <line number="28" hits="1" branch="false" />
                <line number="29" hits="1" branch="false" />
                <line number="31" hits="1" branch="false" />
                <line number="33" hits="1" branch="false" />
                <line number="34" hits="1" branch="false" />
                <line number="35" hits="1" branch="false" />
                <line number="36" hits="1" branch="false" />
                <line number="37" hits="1" branch="false" />
              </lines>
            </method>
            <method name="GetNormalEvaderWanted" signature="" line-rate="1" branch-rate="1" complexity="1">
              <lines>
                <line number="87" hits="1" branch="false" />
                <line number="88" hits="1" branch="false" />
                <line number="89" hits="1" branch="false" />
                <line number="90" hits="1" branch="false" />
                <line number="91" hits="1" branch="false" />
                <line number="92" hits="1" branch="false" />
                <line number="93" hits="1" branch="false" />
                <line number="94" hits="1" branch="false" />
              </lines>
            </method>
            <method name="GetSurnameValueFalseTrue" signature="" line-rate="1" branch-rate="1" complexity="1">
              <lines>
                <line number="70" hits="1" branch="false" />
                <line number="71" hits="1" branch="false" />
                <line number="72" hits="1" branch="false" />
                <line number="73" hits="1" branch="false" />
                <line number="74" hits="1" branch="false" />
                <line number="75" hits="1" branch="false" />
              </lines>
            </method>
          </methods>
          <lines>
            <line number="16" hits="1" branch="false" />
            <line number="17" hits="1" branch="false" />
            <line number="18" hits="1" branch="false" />
            <line number="19" hits="1" branch="false" />
            <line number="20" hits="1" branch="false" />
            <line number="21" hits="1" branch="false" />
            <line number="22" hits="1" branch="false" />
            <line number="24" hits="1" branch="false" />
            <line number="25" hits="1" branch="false" />
            <line number="26" hits="1" branch="false" />
            <line number="28" hits="1" branch="false" />
            <line number="29" hits="1" branch="false" />
            <line number="31" hits="1" branch="false" />
            <line number="33" hits="1" branch="false" />
            <line number="34" hits="1" branch="false" />
            <line number="35" hits="1" branch="false" />
            <line number="36" hits="1" branch="false" />
            <line number="37" hits="1" branch="false" />
            <line number="40" hits="1" branch="false" />
            <line number="41" hits="1" branch="false" />
            <line number="42" hits="1" branch="false" />
            <line number="43" hits="1" branch="false" />
            <line number="44" hits="1" branch="false" />
            <line number="45" hits="1" branch="false" />
            <line number="46" hits="1" branch="false" />
            <line number="47" hits="1" branch="false" />
            <line number="49" hits="1" branch="false" />
            <line number="50" hits="1" branch="false" />
            <line number="51" hits="1" branch="false" />
            <line number="52" hits="1" branch="false" />
            <line number="53" hits="1" branch="false" />
            <line number="54" hits="1" branch="false" />
            <line number="55" hits="1" branch="false" />
            <line number="56" hits="1" branch="false" />
            <line number="57" hits="1" branch="false" />
            <line number="58" hits="1" branch="false" />
            <line number="59" hits="1" branch="false" />
            <line number="62" hits="1" branch="false" />
            <line number="63" hits="1" branch="false" />
            <line number="64" hits="1" branch="false" />
            <line number="65" hits="1" branch="false" />
            <line number="66" hits="1" branch="false" />
            <line number="67" hits="1" branch="false" />
            <line number="70" hits="1" branch="false" />
            <line number="71" hits="1" branch="false" />
            <line number="72" hits="1" branch="false" />
            <line number="73" hits="1" branch="false" />
            <line number="74" hits="1" branch="false" />
            <line number="75" hits="1" branch="false" />
            <line number="77" hits="1" branch="false" />
            <line number="78" hits="1" branch="false" />
            <line number="79" hits="1" branch="false" />
            <line number="80" hits="1" branch="false" />
            <line number="81" hits="1" branch="false" />
            <line number="82" hits="1" branch="false" />
            <line number="83" hits="1" branch="false" />
            <line number="84" hits="1" branch="false" />
            <line number="87" hits="1" branch="false" />
            <line number="88" hits="1" branch="false" />
            <line number="89" hits="1" branch="false" />
            <line number="90" hits="1" branch="false" />
            <line number="91" hits="1" branch="false" />
            <line number="92" hits="1" branch="false" />
            <line number="93" hits="1" branch="false" />
            <line number="94" hits="1" branch="false" />
          </lines>
        </class>
      </classes>
    </package>
  </packages>
</coverage>