<?xml version="1.0" encoding="utf-8" standalone="yes"?>
<coverage line-rate="0.72727272727272729" branch-rate="1" complexity="3" version="1.9" timestamp="1717490555" lines-covered="8" lines-valid="11">
  <packages>
    <package line-rate="0.72727272727272729" branch-rate="1" complexity="3" name="TestCourseWork">
      <classes>
        <class line-rate="0" branch-rate="1" complexity="1" name="" filename="F:\Git\GitProjectAll\GitCoursework\CourseWork\CourseWork\main.cpp">
          <methods>
            <method line-rate="0" branch-rate="1" complexity="1" name="main" signature="">
              <lines>
                <line number="16" hits="0" branch="False" />
                <line number="18" hits="0" branch="False" />
                <line number="19" hits="0" branch="False" />
              </lines>
            </method>
          </methods>
          <lines>
            <line number="16" hits="0" branch="False" />
            <line number="18" hits="0" branch="False" />
            <line number="19" hits="0" branch="False" />
          </lines>
        </class>
        <class line-rate="1" branch-rate="1" complexity="1" name="TestCourseWork.TestCourseWork" filename="F:\Git\GitProjectAll\GitCoursework\Coursework\TestCourseWork\TestCourseWork.cpp">
          <methods>
            <method line-rate="1" branch-rate="1" complexity="1" name="GetJohnDoe30normal" signature="">
              <lines>
                <line number="16" hits="1" branch="False" />
                <line number="17" hits="1" branch="False" />
                <line number="18" hits="1" branch="False" />
                <line number="19" hits="1" branch="False" />
                <line number="20" hits="1" branch="False" />
                <line number="21" hits="1" branch="False" />
                <line number="22" hits="1" branch="False" />
              </lines>
            </method>
          </methods>
          <lines>
            <line number="16" hits="1" branch="False" />
            <line number="17" hits="1" branch="False" />
            <line number="18" hits="1" branch="False" />
            <line number="19" hits="1" branch="False" />
            <line number="20" hits="1" branch="False" />
            <line number="21" hits="1" branch="False" />
            <line number="22" hits="1" branch="False" />
          </lines>
        </class>
        <class line-rate="1" branch-rate="1" complexity="1" name="Person" filename="F:\Git\GitProjectAll\GitCoursework\CourseWork\CourseWork\main.cpp">
          <methods>
            <method line-rate="1" branch-rate="1" complexity="1" name="Person" signature="">
              <lines>
                <line number="13" hits="1" branch="False" />
              </lines>
            </method>
          </methods>
          <lines>
            <line number="13" hits="1" branch="False" />
          </lines>
        </class>
      </classes>
    </package>
  </packages>
</coverage>